/Users/lenontaques/Library/Python/3.9/lib/python/site-packages/google/api_core/_python_version_support.py:252: FutureWarning: You are using a Python version (3.9.6) past its end of life. Google will update google.api_core with critical bug fixes on a best-effort basis, but not with any other fixes or features. Please upgrade to the latest Python version, or at least Python 3.10, and then update google.api_core.
  warnings.warn(message, FutureWarning)
Traceback (most recent call last):
  File "/Library/Developer/CommandLineTools/Library/Frameworks/Python3.framework/Versions/3.9/lib/python3.9/runpy.py", line 197, in _run_module_as_main
    return _run_code(code, main_globals, None,
  File "/Library/Developer/CommandLineTools/Library/Frameworks/Python3.framework/Versions/3.9/lib/python3.9/runpy.py", line 87, in _run_code
    exec(code, run_globals)
  File "/Users/lenontaques/Desktop/taques-erp/mini_erp/main.py", line 37, in <module>
    from . import pages  # Registra todas as rotas
  File "/Users/lenontaques/Desktop/taques-erp/mini_erp/pages/__init__.py", line 14, in <module>
    from .acordos import acordos
  File "/Users/lenontaques/Desktop/taques-erp/mini_erp/pages/acordos/__init__.py", line 4, in <module>
    from .acordos_page import acordos
  File "/Users/lenontaques/Desktop/taques-erp/mini_erp/pages/acordos/acordos_page.py", line 8, in <module>
    from .modais import render_acordo_dialog
  File "/Users/lenontaques/Desktop/taques-erp/mini_erp/pages/acordos/modais/__init__.py", line 5, in <module>
    from .modal_novo_acordo import render_acordo_dialog
  File "/Users/lenontaques/Desktop/taques-erp/mini_erp/pages/acordos/modais/modal_novo_acordo.py", line 7, in <module>
    from ...core import get_cases_list
ModuleNotFoundError: No module named 'mini_erp.pages.core'
